Added Component: Designator=J(CUI_PJ-037B)
Add component (AddParameter): Name = "Availability"; Value = "Unavailable"; VariantName = "[No Variations]"
Add component (AddParameter): Name = "CUI_purchase_URL"; Value = "https://www.cuidevices.com/product/interconnect/connectors/dc-power-connectors/jacks/pj-037b?utm_source=snapeda.com&utm_medium=referral&utm_campaign=snapedaBOM"; VariantName = "[No Variations]"
Add component (AddParameter): Name = "MF"; Value = "CUI Devices"; VariantName = "[No Variations]"
Add component (AddParameter): Name = "MP"; Value = "PJ-037B"; VariantName = "[No Variations]"
Add component (AddParameter): Name = "Package"; Value = "None"; VariantName = "[No Variations]"
Add component (AddParameter): Name = "Price"; Value = "None"; VariantName = "[No Variations]"
Add component (AddParameter): Name = "SnapEDA_Link"; Value = "https://www.snapeda.com/parts/PJ-037B/CUI%20Devices/view-part/493700/?ref=snap"; VariantName = "[No Variations]"
Add component (AddParameter): Name = "Value"; Value = ""; VariantName = "[No Variations]"
Added Component: Designator=LS1(XDCR_AI-2429-TWT-R)
Add component (AddParameter): Name = "Availability"; Value = "In Stock"; VariantName = "[No Variations]"
Add component (AddParameter): Name = "Check_prices"; Value = "https://www.snapeda.com/parts/AI-2429-TWT-R/PUI%20Audio/view-part/439756/?ref=eda"; VariantName = "[No Variations]"
Add component (AddParameter): Name = "MF"; Value = "PUI Audio"; VariantName = "[No Variations]"
Add component (AddParameter): Name = "MP"; Value = "AI-2429-TWT-R"; VariantName = "[No Variations]"
Add component (AddParameter): Name = "Package"; Value = "PUI Audio"; VariantName = "[No Variations]"
Add component (AddParameter): Name = "Price"; Value = "None"; VariantName = "[No Variations]"
Add component (AddParameter): Name = "Purchase-URL"; Value = "https://pricing.snapeda.com/search/part/AI-2429-TWT-R/?ref=eda"; VariantName = "[No Variations]"
Add component (AddParameter): Name = "SnapEDA_Link"; Value = "https://www.snapeda.com/parts/AI-2429-TWT-R/PUI%20Audio/view-part/439756/?ref=snap"; VariantName = "[No Variations]"
Add component (AddParameter): Name = "Value"; Value = ""; VariantName = "[No Variations]"
Added Pin To Net: NetName=NetJ_1 Pin=J-1
Added Pin To Net: NetName=GND Pin=J-2
Added Pin To Net: NetName=GND Pin=LS1-N
Added Pin To Net: NetName=NetLS1_P Pin=LS1-P
